<?xml version="1.0" encoding="UTF-8"?>
<!-- Generated by org.testng.reporters.JUnitXMLReporter -->
<testsuite ignored="0" hostname="DESKTOP-JE5KF2R" failures="0" tests="3" name="Surefire test" time="15.38" errors="0" timestamp="2025-05-06T12:25:05 IST">
  <testcase classname="day4_11042025.ListenersDemo" name="login" time="15.306"/>
  <testcase classname="day4_11042025.ListenersDemo" name="testToBeFailed" time="0.005"/>
  <testcase classname="day4_11042025.ListenersDemo" name="testToBeSkipped" time="0.0">
    <skipped/>
  </testcase> <!-- testToBeSkipped -->
</testsuite> <!-- Surefire test -->
