<?xml version="1.0" encoding="UTF-8"?>
<!-- Generated by org.testng.reporters.JUnitXMLReporter -->
<testsuite ignored="8" hostname="DESKTOP-JE5KF2R" failures="0" tests="1" name="Test" time="0.113" errors="0" timestamp="2025-05-06T12:23:49 IST">
  <testcase classname="day5_14042025.GroupsDemo" name="test2" time="0.019"/>
  <testcase classname="day5_14042025.GroupsDemo" name="test3" time="0.0">
    <ignored/>
  </testcase> <!-- test3 -->
  <testcase classname="day5_14042025.GroupsDemo" name="test1" time="0.0">
    <ignored/>
  </testcase> <!-- test1 -->
  <testcase classname="day5_14042025.GroupsDemo" name="test6" time="0.0">
    <ignored/>
  </testcase> <!-- test6 -->
  <testcase classname="day5_14042025.GroupsDemo" name="test7" time="0.0">
    <ignored/>
  </testcase> <!-- test7 -->
  <testcase classname="day5_14042025.GroupsDemo" name="test4" time="0.0">
    <ignored/>
  </testcase> <!-- test4 -->
  <testcase classname="day5_14042025.GroupsDemo" name="test5" time="0.0">
    <ignored/>
  </testcase> <!-- test5 -->
  <testcase classname="day5_14042025.GroupsDemo" name="test8" time="0.0">
    <ignored/>
  </testcase> <!-- test8 -->
  <testcase classname="day5_14042025.GroupsDemo" name="test9" time="0.0">
    <ignored/>
  </testcase> <!-- test9 -->
</testsuite> <!-- Test -->
