<?xml version="1.0" encoding="UTF-8"?>
<!-- Generated by org.testng.reporters.JUnitXMLReporter -->
<testsuite ignored="0" hostname="DESKTOP-JE5KF2R" failures="0" tests="3" name="Test" time="14.795" errors="0" timestamp="2025-05-06T14:58:49 IST">
  <testcase classname="day4_11042025.ListenersDemo" name="login" time="14.722"/>
  <testcase classname="day4_11042025.ListenersDemo" name="testToBeFailed" time="0.01"/>
  <testcase classname="day4_11042025.ListenersDemo" name="testToBeSkipped" time="0.003">
    <skipped/>
  </testcase> <!-- testToBeSkipped -->
</testsuite> <!-- Test -->
