<?xml version="1.0" encoding="UTF-8"?>
<testng-results ignored="0" total="1" passed="1" failed="0" skipped="0">
  <reporter-output>
  </reporter-output>
  <suite started-at="2025-04-22T19:40:25 IST" name="Default suite" finished-at="2025-04-22T19:41:42 IST" duration-ms="77245">
    <groups>
    </groups>
    <test started-at="2025-04-22T19:40:25 IST" name="Default test" finished-at="2025-04-22T19:41:42 IST" duration-ms="77245">
      <class name="day10_22042025.HybridDrivenFramework">
        <test-method signature="executionMethod()[pri:0, instance:day10_22042025.HybridDrivenFramework@515c6049]" started-at="2025-04-22T19:40:25 IST" name="executionMethod" finished-at="2025-04-22T19:41:42 IST" duration-ms="77179" status="PASS">
          <reporter-output>
          </reporter-output>
        </test-method> <!-- executionMethod -->
      </class> <!-- day10_22042025.HybridDrivenFramework -->
    </test> <!-- Default test -->
  </suite> <!-- Default suite -->
</testng-results>
